C:\USERS\ELLIOTT\DROPBOX\YR3\COMP3080\RAYTRACE\RELEASE\VECTOR.OBJ
C:\USERS\ELLIOTT\DROPBOX\YR3\COMP3080\RAYTRACE\RELEASE\SPHERE.OBJ
C:\USERS\ELLIOTT\DROPBOX\YR3\COMP3080\RAYTRACE\RELEASE\SIMPLECAMERA.OBJ
C:\USERS\ELLIOTT\DROPBOX\YR3\COMP3080\RAYTRACE\RELEASE\SCENE.OBJ
C:\USERS\ELLIOTT\DROPBOX\YR3\COMP3080\RAYTRACE\RELEASE\RAY.OBJ
C:\USERS\ELLIOTT\DROPBOX\YR3\COMP3080\RAYTRACE\RELEASE\POLYGON.OBJ
C:\USERS\ELLIOTT\DROPBOX\YR3\COMP3080\RAYTRACE\RELEASE\POINT.OBJ
C:\USERS\ELLIOTT\DROPBOX\YR3\COMP3080\RAYTRACE\RELEASE\MATERIAL.OBJ
C:\USERS\ELLIOTT\DROPBOX\YR3\COMP3080\RAYTRACE\RELEASE\MAINRAY.OBJ
C:\USERS\ELLIOTT\DROPBOX\YR3\COMP3080\RAYTRACE\RELEASE\LITSCENE.OBJ
C:\USERS\ELLIOTT\DROPBOX\YR3\COMP3080\RAYTRACE\RELEASE\LIGHT.OBJ
C:\USERS\ELLIOTT\DROPBOX\YR3\COMP3080\RAYTRACE\RELEASE\COLOUR.OBJ
C:\USERS\ELLIOTT\DROPBOX\YR3\COMP3080\RAYTRACE\RELEASE\VC110.PDB
C:\USERS\ELLIOTT\DROPBOX\YR3\COMP3080\RAYTRACE\RELEASE\RAYTRACING.EXE
C:\USERS\ELLIOTT\DROPBOX\YR3\COMP3080\RAYTRACE\RELEASE\RAYTRACING.PDB
C:\Users\Elliott\Dropbox\Yr3\COMP3080\raytrace\Release\colour.obj
C:\Users\Elliott\Dropbox\Yr3\COMP3080\raytrace\Release\light.obj
C:\Users\Elliott\Dropbox\Yr3\COMP3080\raytrace\Release\litscene.obj
C:\Users\Elliott\Dropbox\Yr3\COMP3080\raytrace\Release\mainray.obj
C:\Users\Elliott\Dropbox\Yr3\COMP3080\raytrace\Release\material.obj
C:\Users\Elliott\Dropbox\Yr3\COMP3080\raytrace\Release\point.obj
C:\Users\Elliott\Dropbox\Yr3\COMP3080\raytrace\Release\polygon.obj
C:\Users\Elliott\Dropbox\Yr3\COMP3080\raytrace\Release\ray.obj
C:\Users\Elliott\Dropbox\Yr3\COMP3080\raytrace\Release\scene.obj
C:\Users\Elliott\Dropbox\Yr3\COMP3080\raytrace\Release\simplecamera.obj
C:\Users\Elliott\Dropbox\Yr3\COMP3080\raytrace\Release\sphere.obj
C:\Users\Elliott\Dropbox\Yr3\COMP3080\raytrace\Release\vector.obj
C:\Users\Elliott\Dropbox\Yr3\COMP3080\raytrace\Release\cl.command.1.tlog
C:\Users\Elliott\Dropbox\Yr3\COMP3080\raytrace\Release\CL.read.1.tlog
C:\Users\Elliott\Dropbox\Yr3\COMP3080\raytrace\Release\CL.write.1.tlog
C:\Users\Elliott\Dropbox\Yr3\COMP3080\raytrace\Release\link-cvtres.read.1.tlog
C:\Users\Elliott\Dropbox\Yr3\COMP3080\raytrace\Release\link-cvtres.write.1.tlog
C:\Users\Elliott\Dropbox\Yr3\COMP3080\raytrace\Release\link-rc.read.1.tlog
C:\Users\Elliott\Dropbox\Yr3\COMP3080\raytrace\Release\link-rc.write.1.tlog
C:\Users\Elliott\Dropbox\Yr3\COMP3080\raytrace\Release\link.command.1.tlog
C:\Users\Elliott\Dropbox\Yr3\COMP3080\raytrace\Release\link.read.1.tlog
C:\Users\Elliott\Dropbox\Yr3\COMP3080\raytrace\Release\link.read.2.tlog
C:\Users\Elliott\Dropbox\Yr3\COMP3080\raytrace\Release\link.read.3.tlog
C:\Users\Elliott\Dropbox\Yr3\COMP3080\raytrace\Release\link.read.4.tlog
C:\Users\Elliott\Dropbox\Yr3\COMP3080\raytrace\Release\link.read.5.tlog
C:\Users\Elliott\Dropbox\Yr3\COMP3080\raytrace\Release\link.write.1.tlog
C:\Users\Elliott\Dropbox\Yr3\COMP3080\raytrace\Release\NativeCodeAnalysis.read.1.tlog
C:\Users\Elliott\Dropbox\Yr3\COMP3080\raytrace\Release\RayTracing.pdb
C:\Users\Elliott\Dropbox\Yr3\COMP3080\raytrace\Release\vc110.pdb
C:\Users\Elliott\Dropbox\Yr3\COMP3080\raytrace\Release\colour.cpp.nativecodeanalysis.xml
C:\Users\Elliott\Dropbox\Yr3\COMP3080\raytrace\Release\light.cpp.nativecodeanalysis.xml
C:\Users\Elliott\Dropbox\Yr3\COMP3080\raytrace\Release\litscene.cpp.nativecodeanalysis.xml
C:\Users\Elliott\Dropbox\Yr3\COMP3080\raytrace\Release\mainray.cpp.nativecodeanalysis.xml
C:\Users\Elliott\Dropbox\Yr3\COMP3080\raytrace\Release\material.cpp.nativecodeanalysis.xml
C:\Users\Elliott\Dropbox\Yr3\COMP3080\raytrace\Release\point.cpp.nativecodeanalysis.xml
C:\Users\Elliott\Dropbox\Yr3\COMP3080\raytrace\Release\polygon.cpp.nativecodeanalysis.xml
C:\Users\Elliott\Dropbox\Yr3\COMP3080\raytrace\Release\ray.cpp.nativecodeanalysis.xml
C:\Users\Elliott\Dropbox\Yr3\COMP3080\raytrace\Release\scene.cpp.nativecodeanalysis.xml
C:\Users\Elliott\Dropbox\Yr3\COMP3080\raytrace\Release\simplecamera.cpp.nativecodeanalysis.xml
C:\Users\Elliott\Dropbox\Yr3\COMP3080\raytrace\Release\sphere.cpp.nativecodeanalysis.xml
C:\Users\Elliott\Dropbox\Yr3\COMP3080\raytrace\Release\vc.nativecodeanalysis.all.xml
C:\Users\Elliott\Dropbox\Yr3\COMP3080\raytrace\Release\vector.cpp.nativecodeanalysis.xml
C:\Users\Elliott\Dropbox\Yr3\COMP3080\raytrace\Release\RayTracing.exe
C:\Users\Elliott\Dropbox\Yr3\COMP3080\raytrace\Release\RayTracing.exe.lastcodeanalysissucceeded
